<?xml version='1.0' encoding='UTF-8'?>
<testsuite hostname="DESKTOP-S8F0DS7" name="LexerTests" tests="12" errors="0" failures="0" skipped="0" time="4.255" timestamp="2023-01-07T18:52:35">
          <properties>
      <property name="awt.toolkit" value="sun.awt.X11.XToolkit"/><property name="java.specification.version" value="11"/><property name="sun.cpu.isalist" value=""/><property name="sun.jnu.encoding" value="UTF-8"/><property name="sun.arch.data.model" value="64"/><property name="java.vendor.url" value="https://ubuntu.com/"/><property name="sun.boot.library.path" value="/usr/lib/jvm/java-11-openjdk-amd64/lib"/><property name="sun.java.command" value="/mnt/c/Program Files (x86)/sbt/bin/sbt-launch.jar test"/><property name="jdk.debug" value="release"/><property name="java.specification.vendor" value="Oracle Corporation"/><property name="java.version.date" value="2022-10-18"/><property name="java.home" value="/usr/lib/jvm/java-11-openjdk-amd64"/><property name="file.separator" value="/"/><property name="java.vm.compressedOopsMode" value="32-bit"/><property name="line.separator" value="
"/><property name="java.specification.name" value="Java Platform API Specification"/><property name="java.vm.specification.vendor" value="Oracle Corporation"/><property name="sun.management.compiler" value="HotSpot 64-Bit Tiered Compilers"/><property name="java.runtime.version" value="11.0.17+8-post-Ubuntu-1ubuntu220.04"/><property name="user.name" value="russuden"/><property name="log4j.ignoreTCL" value="true"/><property name="file.encoding" value="UTF-8"/><property name="jnidispatch.path" value="/home/russuden/.cache/JNA/temp/jna1464477870460553809.tmp"/><property name="jna.loaded" value="true"/><property name="java.io.tmpdir" value="/tmp"/><property name="java.version" value="11.0.17"/><property name="java.vm.specification.name" value="Java Virtual Machine Specification"/><property name="java.awt.printerjob" value="sun.print.PSPrinterJob"/><property name="sun.os.patch.level" value="unknown"/><property name="java.library.path" value="/usr/java/packages/lib:/usr/lib/x86_64-linux-gnu/jni:/lib/x86_64-linux-gnu:/usr/lib/x86_64-linux-gnu:/usr/lib/jni:/lib:/usr/lib"/><property name="java.vendor" value="Ubuntu"/><property name="scala.ext.dirs" value="/home/russuden/.sbt/1.0/java9-rt-ext-ubuntu_11_0_17"/><property name="sun.io.unicode.encoding" value="UnicodeLittle"/><property name="java.class.path" value="/mnt/c/Program Files (x86)/sbt/bin/sbt-launch.jar"/><property name="java.vm.vendor" value="Ubuntu"/><property name="jline.shutdownhook" value="false"/><property name="user.timezone" value="Europe/Chisinau"/><property name="os.name" value="Linux"/><property name="java.vm.specification.version" value="11"/><property name="sun.java.launcher" value="SUN_STANDARD"/><property name="sun.cpu.endian" value="little"/><property name="user.home" value="/home/russuden"/><property name="user.language" value="en"/><property name="sbt.script" value="/mnt/c/Program%20Files (x86)/sbt/bin/sbt"/><property name="swoval.tmpdir" value="/home/russuden/.sbt/1.0"/><property name="java.awt.graphicsenv" value="sun.awt.X11GraphicsEnvironment"/><property name="jline.esc.timeout" value="0"/><property name="path.separator" value=":"/><property name="os.version" value="5.10.16.3-microsoft-standard-WSL2"/><property name="jna.nosys" value="true"/><property name="sbt.server.forcestart" value="true"/><property name="java.runtime.name" value="OpenJDK Runtime Environment"/><property name="java.vm.name" value="OpenJDK 64-Bit Server VM"/><property name="jna.platform.library.path" value="/usr/lib/x86_64-linux-gnu:/lib/x86_64-linux-gnu:/usr/lib64:/lib64:/usr/lib:/lib:/libx32:/lib32:/usr/lib/wsl/lib:/usr/lib/x86_64-linux-gnu/libfakeroot"/><property name="java.vendor.url.bug" value="https://bugs.launchpad.net/ubuntu/+source/openjdk-lts"/><property name="user.dir" value="/mnt/d/General/UPB/LFA/skel-scala3"/><property name="os.arch" value="amd64"/><property name="java.vm.info" value="mixed mode, sharing"/><property name="java.vm.version" value="11.0.17+8-post-Ubuntu-1ubuntu220.04"/><property name="java.class.version" value="55.0"/>
    </properties>
          <testcase classname="LexerTests" name="Test lexer: simple concat (2p)" time="0.122">
                      
                    </testcase><testcase classname="LexerTests" name="Test lexer: simple union (2p)" time="0.008">
                      
                    </testcase><testcase classname="LexerTests" name="Test lexer: space and zeros char (5p)" time="0.013">
                      
                    </testcase><testcase classname="LexerTests" name="Test lexer: space and zeros char (5p)-1" time="0.007">
                      
                    </testcase><testcase classname="LexerTests" name="Test lexer: ones and twos char (8p)" time="0.026">
                      
                    </testcase><testcase classname="LexerTests" name="Test lexer: plus and star char (8p)" time="0.014">
                      
                    </testcase><testcase classname="LexerTests" name="Test lexer: whitespaces char (10p)" time="0.027">
                      
                    </testcase><testcase classname="LexerTests" name="Test lexer: abcd diverse char (10p)" time="0.022">
                      
                    </testcase><testcase classname="LexerTests" name="Test lexer: everything complex char (15p)" time="0.239">
                      
                    </testcase><testcase classname="LexerTests" name="Test lexer: simple error parsing char (5p)" time="0.008">
                      
                    </testcase><testcase classname="LexerTests" name="Test lexer: simple error parsing char (10p)" time="0.008">
                      
                    </testcase><testcase classname="LexerTests" name="Test lexer: lexer for a real language (20p)" time="3.761">
                      
                    </testcase>
          <system-out><![CDATA[]]></system-out>
          <system-err><![CDATA[]]></system-err>
        </testsuite>